<?xml version="1.0" encoding="UTF-8"?>
<testng-results ignored="0" total="1" passed="1" failed="0" skipped="0">
  <reporter-output>
  </reporter-output>
  <suite started-at="2024-06-24T11:12:21 IST" name="Default suite" finished-at="2024-06-24T11:12:21 IST" duration-ms="42">
    <groups>
    </groups>
    <test started-at="2024-06-24T11:12:21 IST" name="Default test" finished-at="2024-06-24T11:12:21 IST" duration-ms="42">
      <class name="Countries.Country1">
        <test-method signature="f()[pri:0, instance:Countries.Country1@49139829]" started-at="2024-06-24T11:12:21 IST" name="f" finished-at="2024-06-24T11:12:21 IST" duration-ms="9" status="PASS">
          <reporter-output>
          </reporter-output>
        </test-method> <!-- f -->
      </class> <!-- Countries.Country1 -->
    </test> <!-- Default test -->
  </suite> <!-- Default suite -->
</testng-results>
